  pch.cpp
C:\Users\김종철\Documents\GitHub\scene\01_WinMain\Figure.h(47,14): warning C4244: '초기화 중': 'int'에서 'float'(으)로 변환하면서 데이터가 손실될 수 있습니다.
C:\Users\김종철\Documents\GitHub\scene\01_WinMain\Figure.h(48,15): warning C4244: '초기화 중': 'int'에서 'float'(으)로 변환하면서 데이터가 손실될 수 있습니다.
  01_WinMain.cpp
C:\Users\김종철\Documents\GitHub\scene\01_WinMain\01_WinMain.cpp(115,55): warning C4805: '==': 연산에 'BOOL' 형식과 'bool' 형식을 함께 사용하는 것은 안전하지 않습니다.
C:\Users\김종철\Documents\GitHub\scene\01_WinMain\01_WinMain.cpp(138,16): warning C4244: 'return': 'WPARAM'에서 'int'(으)로 변환하면서 데이터가 손실될 수 있습니다.
  Bullet.cpp
C:\Users\김종철\Documents\GitHub\scene\01_WinMain\Bullet.cpp(22,41): warning C4244: '인수': 'float'에서 'int'(으)로 변환하면서 데이터가 손실될 수 있습니다.
C:\Users\김종철\Documents\GitHub\scene\01_WinMain\Bullet.cpp(22,33): warning C4244: '인수': 'float'에서 'int'(으)로 변환하면서 데이터가 손실될 수 있습니다.
C:\Users\김종철\Documents\GitHub\scene\01_WinMain\Bullet.cpp(22,29): warning C4244: '인수': 'float'에서 'int'(으)로 변환하면서 데이터가 손실될 수 있습니다.
C:\Users\김종철\Documents\GitHub\scene\01_WinMain\Bullet.cpp(22,25): warning C4244: '인수': 'float'에서 'int'(으)로 변환하면서 데이터가 손실될 수 있습니다.
C:\Users\김종철\Documents\GitHub\scene\01_WinMain\Bullet.cpp(42,41): warning C4244: '인수': 'float'에서 'int'(으)로 변환하면서 데이터가 손실될 수 있습니다.
C:\Users\김종철\Documents\GitHub\scene\01_WinMain\Bullet.cpp(42,33): warning C4244: '인수': 'float'에서 'int'(으)로 변환하면서 데이터가 손실될 수 있습니다.
C:\Users\김종철\Documents\GitHub\scene\01_WinMain\Bullet.cpp(42,29): warning C4244: '인수': 'float'에서 'int'(으)로 변환하면서 데이터가 손실될 수 있습니다.
C:\Users\김종철\Documents\GitHub\scene\01_WinMain\Bullet.cpp(42,25): warning C4244: '인수': 'float'에서 'int'(으)로 변환하면서 데이터가 손실될 수 있습니다.
  Camera.cpp
C:\Users\김종철\Documents\GitHub\scene\01_WinMain\Camera.cpp(14,41): warning C4244: '인수': 'float'에서 'int'(으)로 변환하면서 데이터가 손실될 수 있습니다.
C:\Users\김종철\Documents\GitHub\scene\01_WinMain\Camera.cpp(14,33): warning C4244: '인수': 'float'에서 'int'(으)로 변환하면서 데이터가 손실될 수 있습니다.
C:\Users\김종철\Documents\GitHub\scene\01_WinMain\Camera.cpp(14,29): warning C4244: '인수': 'float'에서 'int'(으)로 변환하면서 데이터가 손실될 수 있습니다.
C:\Users\김종철\Documents\GitHub\scene\01_WinMain\Camera.cpp(14,25): warning C4244: '인수': 'float'에서 'int'(으)로 변환하면서 데이터가 손실될 수 있습니다.
C:\Users\김종철\Documents\GitHub\scene\01_WinMain\Camera.cpp(36,43): warning C4244: '인수': 'float'에서 'int'(으)로 변환하면서 데이터가 손실될 수 있습니다.
C:\Users\김종철\Documents\GitHub\scene\01_WinMain\Camera.cpp(36,35): warning C4244: '인수': 'float'에서 'int'(으)로 변환하면서 데이터가 손실될 수 있습니다.
C:\Users\김종철\Documents\GitHub\scene\01_WinMain\Camera.cpp(36,31): warning C4244: '인수': 'float'에서 'int'(으)로 변환하면서 데이터가 손실될 수 있습니다.
C:\Users\김종철\Documents\GitHub\scene\01_WinMain\Camera.cpp(36,27): warning C4244: '인수': 'float'에서 'int'(으)로 변환하면서 데이터가 손실될 수 있습니다.
C:\Users\김종철\Documents\GitHub\scene\01_WinMain\Camera.cpp(44,42): warning C4244: '인수': 'float'에서 'int'(으)로 변환하면서 데이터가 손실될 수 있습니다.
C:\Users\김종철\Documents\GitHub\scene\01_WinMain\Camera.cpp(44,34): warning C4244: '인수': 'float'에서 'int'(으)로 변환하면서 데이터가 손실될 수 있습니다.
C:\Users\김종철\Documents\GitHub\scene\01_WinMain\Camera.cpp(44,30): warning C4244: '인수': 'float'에서 'int'(으)로 변환하면서 데이터가 손실될 수 있습니다.
C:\Users\김종철\Documents\GitHub\scene\01_WinMain\Camera.cpp(44,26): warning C4244: '인수': 'float'에서 'int'(으)로 변환하면서 데이터가 손실될 수 있습니다.
C:\Users\김종철\Documents\GitHub\scene\01_WinMain\Camera.cpp(115,40): warning C4244: '인수': 'float'에서 'int'(으)로 변환하면서 데이터가 손실될 수 있습니다.
C:\Users\김종철\Documents\GitHub\scene\01_WinMain\Camera.cpp(115,33): warning C4244: '인수': 'float'에서 'int'(으)로 변환하면서 데이터가 손실될 수 있습니다.
C:\Users\김종철\Documents\GitHub\scene\01_WinMain\Camera.cpp(115,30): warning C4244: '인수': 'float'에서 'int'(으)로 변환하면서 데이터가 손실될 수 있습니다.
C:\Users\김종철\Documents\GitHub\scene\01_WinMain\Camera.cpp(115,27): warning C4244: '인수': 'float'에서 'int'(으)로 변환하면서 데이터가 손실될 수 있습니다.
  CameraManager.cpp
  Enemy.cpp
C:\Users\김종철\Documents\GitHub\scene\01_WinMain\Enemy.cpp(12,41): warning C4244: '인수': 'float'에서 'int'(으)로 변환하면서 데이터가 손실될 수 있습니다.
C:\Users\김종철\Documents\GitHub\scene\01_WinMain\Enemy.cpp(12,33): warning C4244: '인수': 'float'에서 'int'(으)로 변환하면서 데이터가 손실될 수 있습니다.
C:\Users\김종철\Documents\GitHub\scene\01_WinMain\Enemy.cpp(12,29): warning C4244: '인수': 'float'에서 'int'(으)로 변환하면서 데이터가 손실될 수 있습니다.
C:\Users\김종철\Documents\GitHub\scene\01_WinMain\Enemy.cpp(12,25): warning C4244: '인수': 'float'에서 'int'(으)로 변환하면서 데이터가 손실될 수 있습니다.
  GameObject.cpp
  Image.cpp
  ImageManager.cpp
  Input.cpp
  LoadingScene.cpp
C:\Users\김종철\Documents\GitHub\scene\01_WinMain\LoadingScene.cpp(90,82): warning C4267: '인수': 'size_t'에서 'int'(으)로 변환하면서 데이터가 손실될 수 있습니다.
C:\Users\김종철\Documents\GitHub\scene\01_WinMain\LoadingScene.cpp(94,42): warning C4244: '인수': 'float'에서 'int'(으)로 변환하면서 데이터가 손실될 수 있습니다.
  MainGame + MainProc.cpp
  MainGame.cpp
C:\Users\김종철\Documents\GitHub\scene\01_WinMain\MainGame.cpp(83,66): warning C4267: '인수': 'size_t'에서 'int'(으)로 변환하면서 데이터가 손실될 수 있습니다.
C:\Users\김종철\Documents\GitHub\scene\01_WinMain\MainGame.cpp(84,66): warning C4267: '인수': 'size_t'에서 'int'(으)로 변환하면서 데이터가 손실될 수 있습니다.
C:\Users\김종철\Documents\GitHub\scene\01_WinMain\MainGame.cpp(85,54): warning C4267: '인수': 'size_t'에서 'int'(으)로 변환하면서 데이터가 손실될 수 있습니다.
  Math.cpp
C:\Users\김종철\Documents\GitHub\scene\01_WinMain\Math.cpp(39,14): warning C4244: '초기화 중': 'double'에서 'float'(으)로 변환하면서 데이터가 손실될 수 있습니다.
  ObjectManager.cpp
  Player.cpp
C:\Users\김종철\Documents\GitHub\scene\01_WinMain\Player.cpp(16,41): warning C4244: '인수': 'float'에서 'int'(으)로 변환하면서 데이터가 손실될 수 있습니다.
C:\Users\김종철\Documents\GitHub\scene\01_WinMain\Player.cpp(16,33): warning C4244: '인수': 'float'에서 'int'(으)로 변환하면서 데이터가 손실될 수 있습니다.
C:\Users\김종철\Documents\GitHub\scene\01_WinMain\Player.cpp(16,29): warning C4244: '인수': 'float'에서 'int'(으)로 변환하면서 데이터가 손실될 수 있습니다.
C:\Users\김종철\Documents\GitHub\scene\01_WinMain\Player.cpp(16,25): warning C4244: '인수': 'float'에서 'int'(으)로 변환하면서 데이터가 손실될 수 있습니다.
C:\Users\김종철\Documents\GitHub\scene\01_WinMain\Player.cpp(42,41): warning C4244: '인수': 'float'에서 'int'(으)로 변환하면서 데이터가 손실될 수 있습니다.
C:\Users\김종철\Documents\GitHub\scene\01_WinMain\Player.cpp(42,33): warning C4244: '인수': 'float'에서 'int'(으)로 변환하면서 데이터가 손실될 수 있습니다.
C:\Users\김종철\Documents\GitHub\scene\01_WinMain\Player.cpp(42,29): warning C4244: '인수': 'float'에서 'int'(으)로 변환하면서 데이터가 손실될 수 있습니다.
C:\Users\김종철\Documents\GitHub\scene\01_WinMain\Player.cpp(42,25): warning C4244: '인수': 'float'에서 'int'(으)로 변환하면서 데이터가 손실될 수 있습니다.
  Random.cpp
C:\Users\김종철\Documents\GitHub\scene\01_WinMain\Random.cpp(9,12): warning C4244: '인수': 'time_t'에서 'unsigned int'(으)로 변환하면서 데이터가 손실될 수 있습니다.
  Scene.cpp
  Scene1.cpp
C:\Users\김종철\Documents\GitHub\scene\01_WinMain\Scene1.cpp(46,68): warning C4267: '인수': 'size_t'에서 'int'(으)로 변환하면서 데이터가 손실될 수 있습니다.
  Scene2.cpp
C:\Users\김종철\Documents\GitHub\scene\01_WinMain\Scene2.cpp(38,68): warning C4267: '인수': 'size_t'에서 'int'(으)로 변환하면서 데이터가 손실될 수 있습니다.
  SceneManager.cpp
  코드를 생성하고 있습니다...
C:\Users\김종철\Documents\GitHub\scene\01_WinMain\Camera.cpp(111): warning C4717: 'Camera::RenderEllipse': 모든 제어 경로에서 재귀적입니다. 함수로 인해 런타임 스택 오버플로가 발생합니다.
C:\Users\김종철\Documents\GitHub\scene\01_WinMain\Camera.cpp(106): warning C4717: 'Camera::RenderRect': 모든 제어 경로에서 재귀적입니다. 함수로 인해 런타임 스택 오버플로가 발생합니다.
  컴파일하고 있습니다...
  SoundPlayer.cpp
C:\Program Files (x86)\Microsoft Visual Studio\2019\Community\VC\Tools\MSVC\14.28.29333\include\xstring(2468,23): warning C4244: '인수': 'const wchar_t'에서 'const _Elem'(으)로 변환하면서 데이터가 손실될 수 있습니다.
          with
          [
              _Elem=char
          ]
C:\Program Files (x86)\Microsoft Visual Studio\2019\Community\VC\Tools\MSVC\14.28.29333\include\xstring(2479): message : 컴파일되는 함수 템플릿 인스턴스화 'void std::basic_string<char,std::char_traits<char>,std::allocator<char>>::_Construct<_Iter>(_Iter,const _Iter,std::input_iterator_tag)'에 대한 참조를 확인하세요.
          with
          [
              _Iter=const wchar_t *
          ]
C:\Program Files (x86)\Microsoft Visual Studio\2019\Community\VC\Tools\MSVC\14.28.29333\include\xstring(2479): message : 컴파일되는 함수 템플릿 인스턴스화 'void std::basic_string<char,std::char_traits<char>,std::allocator<char>>::_Construct<_Iter>(_Iter,const _Iter,std::input_iterator_tag)'에 대한 참조를 확인하세요.
          with
          [
              _Iter=const wchar_t *
          ]
C:\Program Files (x86)\Microsoft Visual Studio\2019\Community\VC\Tools\MSVC\14.28.29333\include\xstring(2459): message : 컴파일되는 함수 템플릿 인스턴스화 'void std::basic_string<char,std::char_traits<char>,std::allocator<char>>::_Construct<_Iter>(const _Iter,const _Iter,std::forward_iterator_tag)'에 대한 참조를 확인하세요.
          with
          [
              _Iter=const wchar_t *
          ]
C:\Program Files (x86)\Microsoft Visual Studio\2019\Community\VC\Tools\MSVC\14.28.29333\include\xstring(2459): message : 컴파일되는 함수 템플릿 인스턴스화 'void std::basic_string<char,std::char_traits<char>,std::allocator<char>>::_Construct<_Iter>(const _Iter,const _Iter,std::forward_iterator_tag)'에 대한 참조를 확인하세요.
          with
          [
              _Iter=const wchar_t *
          ]
C:\Program Files (x86)\Microsoft Visual Studio\2019\Community\VC\Tools\MSVC\14.28.29333\include\xstring(3092): message : 컴파일되는 함수 템플릿 인스턴스화 'std::basic_string<char,std::char_traits<char>,std::allocator<char>>::basic_string<const wchar_t*,0>(_Iter,_Iter,const _Alloc &)'에 대한 참조를 확인하세요.
          with
          [
              _Iter=const wchar_t *,
              _Alloc=std::allocator<char>
          ]
C:\Program Files (x86)\Microsoft Visual Studio\2019\Community\VC\Tools\MSVC\14.28.29333\include\xstring(3092): message : 컴파일되는 함수 템플릿 인스턴스화 'std::basic_string<char,std::char_traits<char>,std::allocator<char>>::basic_string<const wchar_t*,0>(_Iter,_Iter,const _Alloc &)'에 대한 참조를 확인하세요.
          with
          [
              _Iter=const wchar_t *,
              _Alloc=std::allocator<char>
          ]
C:\Users\김종철\Documents\GitHub\scene\01_WinMain\SoundPlayer.cpp(62): message : 컴파일되는 함수 템플릿 인스턴스화 'std::basic_string<char,std::char_traits<char>,std::allocator<char>> &std::basic_string<char,std::char_traits<char>,std::allocator<char>>::assign<std::_String_const_iterator<std::_String_val<std::_Simple_types<_Elem>>>,0>(const _Iter,const _Iter)'에 대한 참조를 확인하세요.
          with
          [
              _Elem=wchar_t,
              _Iter=std::_String_const_iterator<std::_String_val<std::_Simple_types<wchar_t>>>
          ]
C:\Users\김종철\Documents\GitHub\scene\01_WinMain\SoundPlayer.cpp(62): message : 컴파일되는 함수 템플릿 인스턴스화 'std::basic_string<char,std::char_traits<char>,std::allocator<char>> &std::basic_string<char,std::char_traits<char>,std::allocator<char>>::assign<std::_String_const_iterator<std::_String_val<std::_Simple_types<_Elem>>>,0>(const _Iter,const _Iter)'에 대한 참조를 확인하세요.
          with
          [
              _Elem=wchar_t,
              _Iter=std::_String_const_iterator<std::_String_val<std::_Simple_types<wchar_t>>>
          ]
  Time.cpp
  UIBossHP.cpp
C:\Users\김종철\Documents\GitHub\scene\01_WinMain\UIBossHP.cpp(24,62): warning C4267: '인수': 'size_t'에서 'int'(으)로 변환하면서 데이터가 손실될 수 있습니다.
  코드를 생성하고 있습니다...
  01_WinMain.vcxproj -> C:\Users\김종철\Documents\GitHub\scene\x64\Debug\01_WinMain.exe
